"<!DOCTYPE html>\n"
"<html>\n"
"  <head>\n"
"    \n"
"    <title>Ruby Programming Language</title>\n"
"    \n"
"\n"
"    <meta charset=\"utf-8\">\n"
"    <meta name=\"viewport\" content=\"width=device-width, initial-scale=1.0\">\n"
"    <meta name=\"description\" content=\"\">\n"
"\n"
"    <link rel=\"stylesheet\" type=\"text/css\" href=\"/stylesheets/normalize.css\">\n"
"    <link rel=\"stylesheet\" type=\"text/css\" href=\"/stylesheets/main.css\">\n"
"    <link rel=\"stylesheet\" type=\"text/css\" href=\"/stylesheets/pygments.css\">\n"
"    <link rel=\"stylesheet\" type=\"text/css\" href=\"/stylesheets/mobile.css\">\n"
"    <link rel=\"stylesheet\" type=\"text/css\" href=\"/stylesheets/print.css\">\n"
"    <link href='https://fonts.googleapis.com/css?family=Noto+Sans:400,700,400italic,700italic&amp;subset=latin,cyrillic,greek,vietnamese' rel='stylesheet' type='text/css'>\n"
"    <link rel=\"canonical\" href=\"https://www.ruby-lang.org/en/\" />\n"
"\n"
"    <link rel=\"shortcut icon\" type=\"image/x-icon\" href=\"/favicon.ico\">\n"
"    \n"
"  \n"
"\n"
"    <link href=\"/en/feeds/news.rss\" rel=\"alternate\" title=\"Recent News (RSS)\" type=\"application/rss+xml\" />\n"
"\n"
"\n"
"    <script type=\"text/javascript\" src=\"/javascripts/jquery.min.js\"></script>\n"
"    <script type=\"text/javascript\" src=\"/javascripts/page.js\"></script>\n"
"    \n"
"    \n"
"    <script type=\"text/javascript\" src=\"/javascripts/examples.js\"></script>\n"
"    \n"
"    \n"
"  </head>\n"
"\n"
"  \n"
"\n"
"  <body id=\"home-page-layout\">\n"
"    <div id=\"header\">\n"
"      <div id=\"header_content\" class=\"container\">\n"
"        <a href=\"/en/\">\n"
"          <h1>Ruby</h1>\n"
"          <h2>A Programmer's Best Friend</h2>\n"
"        </a>\n"
"\n"
"        <div class=\"site-links\">\n"
"          <a href=\"/en/\" class=\"home\">Home</a>\n"
"          \n"
"  \n"
"\n"
"\n"
"  <a href=\"/en/downloads/\">Downloads</a>\n"
"\n"
"  <a href=\"/en/documentation/\">Documentation</a>\n"
"\n"
"  <a href=\"/en/libraries/\">Libraries</a>\n"
"\n"
"  <a href=\"/en/community/\">Community</a>\n"
"\n"
"  <a href=\"/en/news/\">News</a>\n"
"\n"
"  <a href=\"/en/security/\">Security</a>\n"
"\n"
"  <a href=\"/en/about/\">About Ruby</a>\n"
"\n"
"\n"
"          <a href=\"#\" class=\"menu selected\">Menu</a>\n"
"        </div>\n"
"\n"
"        <div id=\"search-box\">\n"
"          \n"
"  \n"
"  \n"
"\n"
"<form id=\"search-form\" action=\"http://www.google.com/cse\">\n"
"  <table class=\"fieldset\">\n"
"    <tr>\n"
"      <td>\n"
"        <input class=\"field\" type=\"text\" name=\"q\" size=\"31\" style=\"background: white url(//www.google.com/coop/intl/en/images/google_custom_search_watermark.gif) left no-repeat\" onfocus=\"this.style.background='white'\" onblur=\"if (/^\\s*$/.test(this.value)) this.style.background='white url(//www.google.com/coop/intl/en/images/google_custom_search_watermark.gif) left no-repeat'\"/>\n"
"      </td>\n"
"      <td>\n"
"        <input type=\"hidden\" name=\"cx\" value=\"013598269713424429640:g5orptiw95w\" />\n"
"        <input type=\"hidden\" name=\"ie\" value=\"UTF-8\" />\n"
"        <input class=\"button\" type=\"submit\" name=\"sa\" value=\"Search\" />\n"
"      </td>\n"
"    </tr>\n"
"  </table>\n"
"</form>\n"
"\n"
"        </div>\n"
"      </div>\n"
"    </div>\n"
"\n"
"    <div id=\"page\">\n"
"      \n"
"<div id=\"intro-container\">\n"
"  <div class=\"container\">\n"
"    <div id=\"intro-wrapper\">\n"
"  <div id=\"intro\">\n"
"    <h1>Ruby is...</h1>\n"
"\n"
"    <p>\n"
"    A dynamic, open source programming language with a focus on\n"
"    simplicity and productivity. It has an elegant syntax that is\n"
"    natural to read and easy to write.\n"
"    </p>\n"
"\n"
"    <a href=\"downloads/\" class=\"download-link\">Download Ruby</a>\n"
"    or\n"
"    <a href=\"about/\">Read More...</a>\n"
"\n"
"  </div>\n"
"  <div id=\"code\"><noscript><div class=\"highlight\"><pre><code class=\"ruby\">\n"
"    <span class=\"c1\"># The famous Hello World</span>\n"
"    <span class=\"c1\"># Program is trivial in</span>\n"
"    <span class=\"c1\"># Ruby. Superfluous:</span>\n"
"    <span class=\"c1\">#</span>\n"
"    <span class=\"c1\"># * A &quot;main&quot; method</span>\n"
"    <span class=\"c1\"># * Newline</span>\n"
"    <span class=\"c1\"># * Semicolons</span>\n"
"    <span class=\"c1\">#</span>\n"
"    <span class=\"c1\"># Here is the Code:</span>\n"
"\n"
"    <span class=\"nb\">puts</span> <span class=\"s2\">&quot;Hello World!&quot;</span>\n"
"  </code></pre></div></noscript></div></div>\n"
"\n"
"  </div>\n"
"</div>\n"
"\n"
"\n"
"\n"
"      <div id=\"main-wrapper\" class=\"container\">\n"
"        <div id=\"main\">\n"
"          <div id=\"content-wrapper\">\n"
"  \n"
"<!-- //-->\n"
"\n"
"\n"
"\n"
"\n"
"  <div id=\"content\">\n"
"    \n"
"\n"
"\n"
"\n"
"\n"
"\n"
"\n"
"\n"
"\n"
"  \n"
"\n"
"\n"
"\n"
"<div class=\"post\">\n"
"  <h3><a href=\"/en/news/2014/02/12/the-2014-ruby-hero-awards/\">2014 Ruby Hero Award Nominations</a></h3>\n"
"\n"
"  <p>Has anyone helped you greatly in the Ruby community this past year? Maybe they\n"
"taught you something, wrote a gem, or gave you some tech support? If anyone\n"
"comes to mind, then please take the time to\n"
"<a href=\"http://rubyheroes.com/\">nominate them</a> for a Ruby Hero Award.  </p>\n"
"\n"
"\n"
"\n"
"  <p class=\"post-link\"><a href=\"/en/news/2014/02/12/the-2014-ruby-hero-awards/\">Continue Reading...</a></p>\n"
"\n"
"  <p class=\"post-info\">Posted by Gregg Pollack on 12 Feb 2014</p>\n"
"</div>\n"
"\n"
"<div class=\"post\">\n"
"  <h3><a href=\"/en/news/2014/01/20/abril-pro-ruby-2014/\">Abril Pro Ruby 2014, The Tropical Ruby Conference</a></h3>\n"
"\n"
"  <p><a href=\"http://abrilproruby.com/\">Abril Pro Ruby 2014</a>, the third edition of\n"
"the Tropical Ruby Conference, will happen in <strong>April 26, 2014</strong> at the\n"
"<strong>Porto de Galinhas beach</strong>, a sunny paradise in the northeast of Brazil.</p>\n"
"\n"
"\n"
"\n"
"  <p class=\"post-link\"><a href=\"/en/news/2014/01/20/abril-pro-ruby-2014/\">Continue Reading...</a></p>\n"
"\n"
"  <p class=\"post-info\">Posted by lailsonbm on 20 Jan 2014</p>\n"
"</div>\n"
"\n"
"<div class=\"post\">\n"
"  <h3><a href=\"/en/news/2014/01/10/ruby-1-9-3-will-end-on-2015/\">Support for Ruby version 1.9.3 will end on February 23, 2015</a></h3>\n"
"\n"
"  <p>Today we are announcing our plans for the future of Ruby version 1.9.3.</p>\n"
"\n"
"\n"
"\n"
"  <p class=\"post-link\"><a href=\"/en/news/2014/01/10/ruby-1-9-3-will-end-on-2015/\">Continue Reading...</a></p>\n"
"\n"
"  <p class=\"post-info\">Posted by hsbt on 10 Jan 2014</p>\n"
"</div>\n"
"\n"
"<div class=\"post\">\n"
"  <h3><a href=\"/en/news/2013/12/25/ruby-2-1-0-is-released/\">Ruby 2.1.0 is released</a></h3>\n"
"\n"
"  <p>We are pleased to announce the release of Ruby 2.1.0.</p>\n"
"\n"
"\n"
"\n"
"  <p class=\"post-link\"><a href=\"/en/news/2013/12/25/ruby-2-1-0-is-released/\">Continue Reading...</a></p>\n"
"\n"
"  <p class=\"post-info\">Posted by nurse on 25 Dec 2013</p>\n"
"</div>\n"
"\n"
"\n"
"<div id=\"news\">\n"
"  <h3>Other News</h3>\n"
"  <ul>\n"
"    \n"
"    <li>\n"
"      <a href=\"/en/news/2013/12/21/semantic-versioning-after-2-1-0/\">Semantic Versioning starting with Ruby 2.1.0</a>\n"
"      <span class=\"post-info\">Posted by zzak on 21 Dec 2013</span>\n"
"    </li>\n"
"    \n"
"    <li>\n"
"      <a href=\"/en/news/2013/12/20/ruby-2-1-0-rc1-is-released/\">Ruby 2.1.0-rc1 is released</a>\n"
"      <span class=\"post-info\">Posted by nurse on 20 Dec 2013</span>\n"
"    </li>\n"
"    \n"
"    <li>\n"
"      <a href=\"/en/news/2013/12/17/maintenance-of-1-8-7-and-1-9-2/\">Security Maintenance Extension of Ruby 1.8.7 and 1.9.2</a>\n"
"      <span class=\"post-info\">Posted by zzak on 17 Dec 2013</span>\n"
"    </li>\n"
"    \n"
"  </ul>\n"
"\n"
"  <ul>\n"
"    \n"
"    <li>\n"
"      <a href=\"/en/news/2013/12/14/rubyconf-india-2014/\">RubyConf India 2014 Call For Proposals and Tickets Now Open!</a>\n"
"      <span class=\"post-info\">Posted by Manu S Ajith on 14 Dec 2013</span>\n"
"    </li>\n"
"    \n"
"    <li>\n"
"      <a href=\"/en/news/2013/12/09/rubyconf-tw-2014-cfp/\">The RubyConf Taiwan 2014 Call For Proposals is Now Open</a>\n"
"      <span class=\"post-info\">Posted by Juanito Fatas on 9 Dec 2013</span>\n"
"    </li>\n"
"    \n"
"    <li>\n"
"      <a href=\"/en/news/2013/11/30/russian-translation/\">Russian translation of ruby-lang.org</a>\n"
"      <span class=\"post-info\">Posted by Marcus Stollsteimer on 30 Nov 2013</span>\n"
"    </li>\n"
"    \n"
"  </ul>\n"
"\n"
"  <p class=\"more\">\n"
"    <a href=\"news/\">More News...</a>\n"
"  </p>\n"
"</div>\n"
"\n"
"  </div>\n"
"</div>\n"
"<hr class=\"hidden-modern\" />\n"
"\n"
"<div id=\"sidebar-wrapper\">\n"
"  <div id=\"sidebar\">\n"
"    \n"
"  \n"
"\n"
"\n"
"\n"
"\n"
"\n"
"<div class=\"navigation\">\n"
"  <h3><strong>Get Started</strong>, it's easy!</h3>\n"
"\n"
"  <ul class=\"menu\">\n"
"    <li><a href=\"http://tryruby.org/\">Try Ruby! (in your browser)</a></li>\n"
"\n"
"    \n"
"    <li><a href=\"/en/documentation/quickstart/\">Ruby in Twenty Minutes</a></li>\n"
"    \n"
"\n"
"    \n"
"    <li><a href=\"/en/documentation/ruby-from-other-languages/\">Ruby from Other Languages</a></li>\n"
"    \n"
"  </ul>\n"
"</div>\n"
"\n"
"\n"
"\n"
"<div class=\"navigation\">\n"
"  <h3><strong>Explore</strong> a new world\xE2\x80\xA6</h3>\n"
"  <ul class=\"menu\">\n"
"    \n"
"    <li><a href=\"/en/documentation/\">Documentation</a></li>\n"
"    \n"
"\n"
"    \n"
"    <li><a href=\"http://www.amazon.com/s/ref=sr_nr_n_5?ie=UTF8&amp;rs=1000&amp;keywords=Ruby&amp;rh=i%3Aaps%2Ck%3ARuby%2Ci%3Astripbooks%2Cn%3A1000%2Cn%3A5\">Books</a></li>\n"
"    \n"
"\n"
"    \n"
"    <li><a href=\"/en/libraries/\">Libraries</a></li>\n"
"    \n"
"\n"
"    \n"
"    <li><a href=\"/en/documentation/success-stories/\">Success Stories</a></li>\n"
"    \n"
"  </ul>\n"
"</div>\n"
"\n"
"\n"
"\n"
"<div class=\"navigation\">\n"
"  <h3><strong>Participate</strong> in a friendly and growing community.</h3>\n"
"  <ul>\n"
"    \n"
"    <li><a href=\"/en/community/mailing-lists/\">Mailing Lists</a>: Talk about Ruby with programmers from all around the world.\n"
"</li>\n"
"    \n"
"\n"
"    \n"
"    <li><a href=\"/en/community/user-groups/\">User Groups</a>: Get in contact with Rubyists in your area.\n"
"</li>\n"
"    \n"
"\n"
"    \n"
"    <li><a href=\"/en/community/weblogs/\">Weblogs</a>: Read about what\xE2\x80\x99s happening right now in the Ruby community.\n"
"</li>\n"
"    \n"
"\n"
"    \n"
"    <li><a href=\"/en/community/ruby-core/\">Ruby Core</a>: Help polish the rough edges of the latest Ruby.\n"
"</li>\n"
"    \n"
"\n"
"    \n"
"    <li><a href=\"https://bugs.ruby-lang.org/\">Issue Tracking</a>: Report or help solve issues in Ruby.\n"
"</li>\n"
"    \n"
"  </ul>\n"
"</div>\n"
"\n"
"\n"
"\n"
"<h3>Some Top Ruby Projects</h3>\n"
"\n"
"<p class=\"more\"><a href=\"/en/libraries/top-projects/\">More\xE2\x80\xA6</a></p>\n"
"\n"
"\n"
"\n"
"  \n"
"\n"
"\n"
"    <h3>Syndicate</h3>\n"
"    <p><a href=\"/en/feeds/news.rss\">Recent News (RSS)</a></p>\n"
"\n"
"\n"
"  </div>\n"
"</div>\n"
"<hr class=\"hidden-modern\" />\n"
"\n"
"        </div>\n"
"      </div>\n"
"    </div>\n"
"\n"
"    <div class=\"container\">\n"
"      <div id=\"footer\">\n"
"        <div class=\"site-links\">\n"
"          \n"
"  \n"
"\n"
"\n"
"  <a href=\"/en/downloads/\">Downloads</a>\n"
"\n"
"  <a href=\"/en/documentation/\">Documentation</a>\n"
"\n"
"  <a href=\"/en/libraries/\">Libraries</a>\n"
"\n"
"  <a href=\"/en/community/\">Community</a>\n"
"\n"
"  <a href=\"/en/news/\">News</a>\n"
"\n"
"  <a href=\"/en/security/\">Security</a>\n"
"\n"
"  <a href=\"/en/about/\">About Ruby</a>\n"
"\n"
"\n"
"        </div>\n"
"\n"
"        <p>\n"
"\n"
"  This site in other languages:\n"
"\n"
"<a href=\"/bg/\">\xD0\x91\xD1\x8A\xD0\xBB\xD0\xB3\xD0\xB0\xD1\x80\xD1\x81\xD0\xBA\xD0\xB8</a>,\n"
"<a href=\"/de/\">Deutsch</a>,\n"
"<a href=\"/en/\">English</a>,\n"
"<a href=\"/es/\">Espa\xC3\xB1ol</a>,\n"
"<a href=\"/fr/\">Fran\xC3\xA7ais</a>,\n"
"<a href=\"/id/\">Bahasa Indonesia</a>,\n"
"<a href=\"/it/\">Italiano</a>,\n"
"<a href=\"/ja/\">\xE6\x97\xA5\xE6\x9C\xAC\xE8\xAA\x9E</a>,\n"
"<a href=\"/ko/\">\xED\x95\x9C\xEA\xB5\xAD\xEC\x96\xB4</a>,\n"
"<a href=\"/pl/\">Polski</a>,\n"
"<a href=\"/pt/\">Portugu\xC3\xAAs</a>,\n"
"<a href=\"/ru/\">\xD0\xA0\xD1\x83\xD1\x81\xD1\x81\xD0\xBA\xD0\xB8\xD0\xB9</a>,\n"
"<a href=\"/tr/\">T\xC3\xBCrk\xC3\xA7e</a>,\n"
"<a href=\"/vi/\">Ti\xE1\xBA\xBFng Vi\xE1\xBB\x87t</a>,\n"
"<a href=\"/zh_cn/\">\xE7\xAE\x80\xE4\xBD\x93\xE4\xB8\xAD\xE6\x96\x87</a>,\n"
"<a href=\"/zh_tw/\">\xE7\xB9\x81\xE9\xAB\x94\xE4\xB8\xAD\xE6\x96\x87</a>.\n"
"</p>\n"
"\n"
"        \n"
"  <p><a href=\"/en/about/logo/\">The Ruby Logo</a> is Copyright &copy; 2006, Yukihiro Matsumoto; licensed under the terms of the <a href=\"http://creativecommons.org/licenses/by-sa/2.5/\">CC BY-SA 2.5</a>.\n"
"</p>\n"
"\n"
"\n"
"  <p>This website was generated with Ruby using <a href=\"http://www.jekyllrb.com/\">Jekyll</a>.\n"
"It is proudly maintained by members of the Ruby community.\n"
"Design by <a href=\"http://twitter.com/jz\">Jason Zimdars</a>.\n"
"Please contribute on <a href=\"https://github.com/ruby/www.ruby-lang.org/\">GitHub</a>\n"
"or contact our <a href=\"mailto:webmaster@ruby-lang.org\">webmaster</a>\n"
"for questions or comments concerning this website.\n"
"</p>\n"
"\n"
"\n"
"      </div>\n"
"    </div>\n"
"\n"
"    <script type=\"text/javascript\">\n"
"\n"
"  var _gaq = _gaq || [];\n"
"  _gaq.push(['_setAccount', 'UA-620926-1']);\n"
"  _gaq.push(['_trackPageview']);\n"
"\n"
"  (function() {\n"
"    var ga = document.createElement('script'); ga.type = 'text/javascript'; ga.async = true;\n"
"    ga.src = ('https:' == document.location.protocol ? 'https://ssl' : 'http://www') + '.google-analytics.com/ga.js';\n"
"    var s = document.getElementsByTagName('script')[0]; s.parentNode.insertBefore(ga, s);\n"
"  })();\n"
"\n"
"</script>\n"
"\n"
"  </body>\n"
"</html>\n"
base_uri: 
 https://www.ruby-lang.org/en/
content_type: 
 text/html
charset: 
 
content_encoding: 
 []
last_modified: 
 2014-02-15 11:29:28 +0800
